<?xml version="1.0" encoding="UTF-8" standalone="no"?><testsuite errors="0" failures="0" name="Seleccion de fecha en un campo de formulario" skipped="0" tests="4" time="73.55" timestamp="2025-11-10 08:15:48"><testcase name="Mostrar calendario emergente al hacer clic en el campo de fecha"/><testcase name="Seleccionar una fecha dentro del rango permitido"/><testcase name="Navegar entre meses y años en el calendario"/><testcase name="Impedir seleccion de fechas fuera del rango permitido"/></testsuite>